[debug] [2026-03-27T09:52:12.789Z] ----------------------------------------------------------------------
[debug] [2026-03-27T09:52:12.791Z] Command:       C:\Program Files\nodejs\node.exe C:\Users\alberto.yamarte\AppData\Roaming\npm\node_modules\firebase-tools\lib\bin\firebase.js init emulators
[debug] [2026-03-27T09:52:12.791Z] CLI Version:   15.11.0
[debug] [2026-03-27T09:52:12.791Z] Platform:      win32
[debug] [2026-03-27T09:52:12.791Z] Node Version:  v22.16.0
[debug] [2026-03-27T09:52:12.791Z] Time:          Fri Mar 27 2026 10:52:12 GMT+0100 (hora estándar de Europa central)
[debug] [2026-03-27T09:52:12.792Z] ----------------------------------------------------------------------
[debug] 
[info] 
     ######## #### ########  ######## ########     ###     ######  ########
     ##        ##  ##     ## ##       ##     ##  ##   ##  ##       ##
     ######    ##  ########  ######   ########  #########  ######  ######
     ##        ##  ##    ##  ##       ##     ## ##     ##       ## ##
     ##       #### ##     ## ######## ########  ##     ##  ######  ########

You're about to initialize a Firebase project in this directory:

  C:\Users\alberto.yamarte\Desktop\Proyecto\SecretSwap

[debug] [2026-03-27T09:52:28.865Z] ExitPromptError: User force closed the prompt with SIGINT
    at Interface.sigint (C:\Users\alberto.yamarte\AppData\Roaming\npm\node_modules\firebase-tools\node_modules\@inquirer\core\dist\commonjs\lib\create-prompt.js:101:37)
    at Interface.emit (node:events:518:28)
    at [_ttyWrite] [as _ttyWrite] (node:internal/readline/interface:1128:18)
    at ReadStream.onkeypress (node:internal/readline/interface:267:20)
    at ReadStream.emit (node:events:530:35)
    at emitKeys (node:internal/readline/utils:370:14)
    at emitKeys.next (<anonymous>)
    at ReadStream.onData (node:internal/readline/emitKeypressEvents:64:36)
    at ReadStream.emit (node:events:518:28)
    at addChunk (node:internal/streams/readable:561:12)
[error] 
[error] Error: An unexpected error has occurred.
[debug] [2026-03-27T09:52:34.887Z] ----------------------------------------------------------------------
[debug] [2026-03-27T09:52:34.889Z] Command:       C:\Program Files\nodejs\node.exe C:\Users\alberto.yamarte\AppData\Roaming\npm\node_modules\firebase-tools\lib\bin\firebase.js init emulators
[debug] [2026-03-27T09:52:34.889Z] CLI Version:   15.11.0
[debug] [2026-03-27T09:52:34.889Z] Platform:      win32
[debug] [2026-03-27T09:52:34.889Z] Node Version:  v22.16.0
[debug] [2026-03-27T09:52:34.890Z] Time:          Fri Mar 27 2026 10:52:34 GMT+0100 (hora estándar de Europa central)
[debug] [2026-03-27T09:52:34.890Z] ----------------------------------------------------------------------
[debug] 
[info] 
     ######## #### ########  ######## ########     ###     ######  ########
     ##        ##  ##     ## ##       ##     ##  ##   ##  ##       ##
     ######    ##  ########  ######   ########  #########  ######  ######
     ##        ##  ##    ##  ##       ##     ## ##     ##       ## ##
     ##       #### ##     ## ######## ########  ##     ##  ######  ########

You're about to initialize a Firebase project in this directory:

  C:\Users\alberto.yamarte\Desktop\Proyecto\SecretSwap

[info] 
=== Project Setup
[info] 
[info] First, let's associate this project directory with a Firebase project.
[info] You can create multiple project aliases by running firebase use --add, 
[info] 
[debug] [2026-03-27T09:52:43.027Z] > command requires scopes: ["email","openid","https://www.googleapis.com/auth/cloudplatformprojects.readonly","https://www.googleapis.com/auth/firebase","https://www.googleapis.com/auth/cloud-platform"]
[debug] [2026-03-27T09:52:43.027Z] > authorizing via signed-in user (yamartehub@gmail.com)
[debug] [2026-03-27T09:52:43.028Z] Checked if tokens are valid: true, expires at: 1774607763349
[debug] [2026-03-27T09:52:43.028Z] Checked if tokens are valid: true, expires at: 1774607763349
[debug] [2026-03-27T09:52:43.029Z] >>> [apiv2][query] GET https://firebase.googleapis.com/v1beta1/projects pageSize=100
[debug] [2026-03-27T09:52:43.557Z] <<< [apiv2][status] GET https://firebase.googleapis.com/v1beta1/projects 200
[debug] [2026-03-27T09:52:43.557Z] <<< [apiv2][body] GET https://firebase.googleapis.com/v1beta1/projects [omitted]
[info] 
=== Emulators Setup
